<?xml version="1.0" encoding="UTF-8"?>
<!-- Generated by org.testng.reporters.JUnitReportReporter -->
<testsuite hostname="DESKTOP-B4ND95H" failures="0" tests="3" name="com.testcases.Test1" time="0.026" errors="0" timestamp="2022-11-05T09:05:39 IST" skipped="0">
  <testcase classname="com.testcases.Test1" name="test2" time="0.003"/>
  <system-out/>
  <testcase classname="com.testcases.Test1" name="test1" time="0.018"/>
  <system-out/>
  <testcase classname="com.testcases.Test1" name="test3" time="0.005"/>
  <system-out/>
</testsuite> <!-- com.testcases.Test1 -->
