<?xml version="1.0" encoding="UTF-8"?>
<!-- Generated by org.testng.reporters.JUnitReportReporter -->
<testsuite hostname="DESKTOP-B4ND95H" failures="0" tests="3" name="com.testcases.Test1" time="0.010" errors="0" timestamp="2022-11-05T09:08:13 IST" skipped="0">
  <testcase classname="com.testcases.Test1" name="test2" time="0.001"/>
  <system-out/>
  <testcase classname="com.testcases.Test1" name="test1" time="0.009"/>
  <system-out/>
  <testcase classname="com.testcases.Test1" name="test3" time="0.000"/>
  <system-out/>
</testsuite> <!-- com.testcases.Test1 -->
